# JRE version: Java(TM) SE Runtime Environment (13.0.1+9) (build 13.0.1+9)
# Java VM: Java HotSpot(TM) 64-Bit Server VM (13.0.1+9, mixed mode, sharing, tiered, compressed oops, g1 gc, windows-amd64)
Heap:
 garbage-first heap   total 34816K, used 19085K [0x00000000c1e00000, 0x0000000100000000)
  region size 1024K, 4 young (4096K), 2 survivors (2048K)
 Metaspace       used 35844K, capacity 37058K, committed 37248K, reserved 1081344K
  class space    used 4529K, capacity 4972K, committed 4992K, reserved 1048576K
GC Heap History (20 events):
Event: 1.940 GC heap before
{Heap before GC invocations=1 (full 0):
 garbage-first heap   total 65536K, used 21512K [0x00000000c1e00000, 0x0000000100000000)
  region size 1024K, 20 young (20480K), 3 survivors (3072K)
 Metaspace       used 12542K, capacity 13054K, committed 13312K, reserved 1060864K
  class space    used 1546K, capacity 1735K, committed 1792K, reserved 1048576K
}
Event: 1.945 GC heap after
{Heap after GC invocations=2 (full 0):
 garbage-first heap   total 65536K, used 6290K [0x00000000c1e00000, 0x0000000100000000)
  region size 1024K, 1 young (1024K), 1 survivors (1024K)
 Metaspace       used 12542K, capacity 13054K, committed 13312K, reserved 1060864K
  class space    used 1546K, capacity 1735K, committed 1792K, reserved 1048576K
}
Event: 2.475 GC heap before
{Heap before GC invocations=2 (full 0):
 garbage-first heap   total 65536K, used 32914K [0x00000000c1e00000, 0x0000000100000000)
  region size 1024K, 27 young (27648K), 1 survivors (1024K)
 Metaspace       used 16819K, capacity 17517K, committed 17536K, reserved 1064960K
  class space    used 2161K, capacity 2414K, committed 2432K, reserved 1048576K
}
Event: 2.478 GC heap after
{Heap after GC invocations=3 (full 0):
 garbage-first heap   total 65536K, used 7762K [0x00000000c1e00000, 0x0000000100000000)
  region size 1024K, 3 young (3072K), 3 survivors (3072K)
 Metaspace       used 16819K, capacity 17517K, committed 17536K, reserved 1064960K
  class space    used 2161K, capacity 2414K, committed 2432K, reserved 1048576K
}
Event: 2.788 GC heap before
{Heap before GC invocations=3 (full 0):
 garbage-first heap   total 65536K, used 35410K [0x00000000c1e00000, 0x0000000100000000)
  region size 1024K, 30 young (30720K), 3 survivors (3072K)
 Metaspace       used 18224K, capacity 18956K, committed 19072K, reserved 1064960K
  class space    used 2367K, capacity 2652K, committed 2688K, reserved 1048576K
}
Event: 2.792 GC heap after
{Heap after GC invocations=4 (full 0):
 garbage-first heap   total 65536K, used 8514K [0x00000000c1e00000, 0x0000000100000000)
  region size 1024K, 3 young (3072K), 3 survivors (3072K)
 Metaspace       used 18224K, capacity 18956K, committed 19072K, reserved 1064960K
  class space    used 2367K, capacity 2652K, committed 2688K, reserved 1048576K
}
Event: 3.074 GC heap before
{Heap before GC invocations=4 (full 0):
 garbage-first heap   total 65536K, used 18754K [0x00000000c1e00000, 0x0000000100000000)
  region size 1024K, 14 young (14336K), 3 survivors (3072K)
 Metaspace       used 20420K, capacity 21251K, committed 21296K, reserved 1067008K
  class space    used 2648K, capacity 2944K, committed 2944K, reserved 1048576K
}
Event: 3.081 GC heap after
{Heap after GC invocations=5 (full 0):
 garbage-first heap   total 65536K, used 9143K [0x00000000c1e00000, 0x0000000100000000)
  region size 1024K, 3 young (3072K), 3 survivors (3072K)
 Metaspace       used 20420K, capacity 21251K, committed 21296K, reserved 1067008K
  class space    used 2648K, capacity 2944K, committed 2944K, reserved 1048576K
}
Event: 3.412 GC heap before
{Heap before GC invocations=6 (full 0):
 garbage-first heap   total 34816K, used 25527K [0x00000000c1e00000, 0x0000000100000000)
  region size 1024K, 20 young (20480K), 3 survivors (3072K)
 Metaspace       used 22746K, capacity 23676K, committed 23808K, reserved 1069056K
  class space    used 2915K, capacity 3262K, committed 3328K, reserved 1048576K
}
Event: 3.420 GC heap after
{Heap after GC invocations=7 (full 0):
 garbage-first heap   total 34816K, used 10435K [0x00000000c1e00000, 0x0000000100000000)
  region size 1024K, 3 young (3072K), 3 survivors (3072K)
 Metaspace       used 22746K, capacity 23676K, committed 23808K, reserved 1069056K
  class space    used 2915K, capacity 3262K, committed 3328K, reserved 1048576K
}
Event: 3.670 GC heap before
{Heap before GC invocations=7 (full 0):
 garbage-first heap   total 34816K, used 24771K [0x00000000c1e00000, 0x0000000100000000)
  region size 1024K, 18 young (18432K), 3 survivors (3072K)
 Metaspace       used 24828K, capacity 25920K, committed 26240K, reserved 1071104K
  class space    used 3205K, capacity 3625K, committed 3712K, reserved 1048576K
}
Event: 3.676 GC heap after
{Heap after GC invocations=8 (full 0):
 garbage-first heap   total 34816K, used 11978K [0x00000000c1e00000, 0x0000000100000000)
  region size 1024K, 3 young (3072K), 3 survivors (3072K)
 Metaspace       used 24828K, capacity 25920K, committed 26240K, reserved 1071104K
  class space    used 3205K, capacity 3625K, committed 3712K, reserved 1048576K
}
Event: 75.263 GC heap before
{Heap before GC invocations=8 (full 0):
 garbage-first heap   total 34816K, used 24266K [0x00000000c1e00000, 0x0000000100000000)
  region size 1024K, 16 young (16384K), 3 survivors (3072K)
 Metaspace       used 27225K, capacity 28336K, committed 28544K, reserved 1073152K
  class space    used 3510K, capacity 3915K, committed 3968K, reserved 1048576K
}
Event: 75.273 GC heap after
{Heap after GC invocations=9 (full 0):
 garbage-first heap   total 34816K, used 13014K [0x00000000c1e00000, 0x0000000100000000)
  region size 1024K, 2 young (2048K), 2 survivors (2048K)
 Metaspace       used 27225K, capacity 28336K, committed 28544K, reserved 1073152K
  class space    used 3510K, capacity 3915K, committed 3968K, reserved 1048576K
}
Event: 89.049 GC heap before
{Heap before GC invocations=9 (full 0):
 garbage-first heap   total 34816K, used 24278K [0x00000000c1e00000, 0x0000000100000000)
  region size 1024K, 14 young (14336K), 2 survivors (2048K)
 Metaspace       used 31387K, capacity 32516K, committed 32640K, reserved 1077248K
  class space    used 4049K, capacity 4468K, committed 4480K, reserved 1048576K
}
Event: 89.052 GC heap after
{Heap after GC invocations=10 (full 0):
 garbage-first heap   total 34816K, used 14782K [0x00000000c1e00000, 0x0000000100000000)
  region size 1024K, 2 young (2048K), 2 survivors (2048K)
 Metaspace       used 31387K, capacity 32516K, committed 32640K, reserved 1077248K
  class space    used 4049K, capacity 4468K, committed 4480K, reserved 1048576K
}
Event: 98.257 GC heap before
{Heap before GC invocations=10 (full 0):
 garbage-first heap   total 34816K, used 20926K [0x00000000c1e00000, 0x0000000100000000)
  region size 1024K, 8 young (8192K), 2 survivors (2048K)
 Metaspace       used 34384K, capacity 35470K, committed 35584K, reserved 1079296K
  class space    used 4355K, capacity 4766K, committed 4864K, reserved 1048576K
}
Event: 98.264 GC heap after
{Heap after GC invocations=11 (full 0):
 garbage-first heap   total 34816K, used 17847K [0x00000000c1e00000, 0x0000000100000000)
  region size 1024K, 1 young (1024K), 1 survivors (1024K)
 Metaspace       used 34384K, capacity 35470K, committed 35584K, reserved 1079296K
  class space    used 4355K, capacity 4766K, committed 4864K, reserved 1048576K
}
Event: 251.049 GC heap before
{Heap before GC invocations=12 (full 0):
 garbage-first heap   total 34816K, used 25015K [0x00000000c1e00000, 0x0000000100000000)
  region size 1024K, 9 young (9216K), 1 survivors (1024K)
 Metaspace       used 35694K, capacity 36870K, committed 36992K, reserved 1081344K
  class space    used 4510K, capacity 4933K, committed 4992K, reserved 1048576K
}
Event: 251.056 GC heap after
{Heap after GC invocations=13 (full 0):
 garbage-first heap   total 34816K, used 18061K [0x00000000c1e00000, 0x0000000100000000)
  region size 1024K, 2 young (2048K), 2 survivors (2048K)
 Metaspace       used 35694K, capacity 36870K, committed 36992K, reserved 1081344K
  class space    used 4510K, capacity 4933K, committed 4992K, reserved 1048576K
}

